#
# A fatal error has been detected by the Java Runtime Environment:
#
#  EXCEPTION_ACCESS_VIOLATION (0xc0000005) at pc=0x68299856, pid=4144, tid=4056
#
# JRE version: Java(TM) SE Runtime Environment (8.0_74-b02) (build 1.8.0_74-b02)
# Java VM: Java HotSpot(TM) Client VM (25.74-b02 mixed mode windows-x86 )
# Problematic frame:
# C  [jdwp.dll+0x19856]
#
# Failed to write core dump. Minidumps are not enabled by default on client versions of Windows
#
# If you would like to submit a bug report, please visit:
#   http://bugreport.java.com/bugreport/crash.jsp
# The crash happened outside the Java Virtual Machine in native code.
# See problematic frame for where to report the bug.
#

---------------  T H R E A D  ---------------

Current thread (0x00fd4000):  JavaThread "JDWP Event Helper Thread" daemon [_thread_in_native, id=4056, stack(0x143e0000,0x14430000)]

siginfo: ExceptionCode=0xc0000005, reading address 0x00000000

Registers:
EAX=0x00000000, EBX=0x00fd4400, ECX=0x1442fa14, EDX=0x778213f0
ESP=0x1442fa9c, EBP=0x1442fb20, ESI=0x14e507e8, EDI=0x00fd4000
EIP=0x68299856, EFLAGS=0x00010246

Top of Stack: (sp=0x1442fa9c)
0x1442fa9c:   00fd2470 14e507e8 68290843 00fd2470
0x1442faac:   00fd4000 14e507e8 00fd4400 68291869
0x1442fabc:   00fd4000 00fd4450 51dd0044 008371e0
0x1442facc:   00fd4140 00000000 00fd0040 51e2c34c
0x1442fadc:   00fd4000 00fd4000 00fd4000 00000000
0x1442faec:   6830c59c 00fd4000 00fd0830 00fd4850
0x1442fafc:   00fd4858 00fd4944 000000ec 00fd0b28
0x1442fb0c:   00fd4140 14420000 00fd4458 00fd4844 

Instructions: (pc=0x68299856)
0x68299836:   2a 68 e8 2f 9f ff ff 83 c4 10 33 c0 c3 56 eb 05
0x68299846:   e8 a1 ff ff ff a1 e4 47 2a 68 ff 74 24 08 8b 00
0x68299856:   8b 08 50 ff 91 80 00 00 00 e8 a8 ff ff ff 8b f0
0x68299866:   83 fe 34 74 db 85 f6 74 43 57 68 1e 04 00 00 68 


Register to memory mapping:

EAX=0x00000000 is an unknown value
EBX=0x00fd4400 is an unknown value
ECX=0x1442fa14 is pointing into the stack for thread: 0x00fd4000
EDX=0x778213f0 is an unknown value
ESP=0x1442fa9c is pointing into the stack for thread: 0x00fd4000
EBP=0x1442fb20 is pointing into the stack for thread: 0x00fd4000
ESI=0x14e507e8 is an unknown value
EDI=0x00fd4000 is a thread


Stack: [0x143e0000,0x14430000],  sp=0x1442fa9c,  free space=318k
Native frames: (J=compiled Java code, j=interpreted, Vv=VM code, C=native code)
C  [jdwp.dll+0x19856]
V  [jvm.dll+0x17c43a]
V  [jvm.dll+0x1c0a76]
C  [msvcr100.dll+0x5c556]
C  [msvcr100.dll+0x5c600]
C  [KERNEL32.DLL+0x195f4]
C  [ntdll.dll+0x2241a]
C  [ntdll.dll+0x223e9]
C  0x00000000


---------------  P R O C E S S  ---------------

Java Threads: ( => current thread )
  0x0083bc00 JavaThread "DestroyJavaVM" [_thread_blocked, id=7584, stack(0x00660000,0x006b0000)]
  0x14d91c00 JavaThread "AWT-EventQueue-0" [_thread_blocked, id=2556, stack(0x15380000,0x153d0000)]
  0x0110f400 JavaThread "AWT-Shutdown" [_thread_blocked, id=5884, stack(0x146f0000,0x14740000)]
  0x0110d800 JavaThread "Java2D Disposer" daemon [_thread_blocked, id=4260, stack(0x146a0000,0x146f0000)]
  0x010fe000 JavaThread "TimerQueue" daemon [_thread_blocked, id=4952, stack(0x14650000,0x146a0000)]
  0x00ffec00 JavaThread "Service Thread" daemon [_thread_blocked, id=4776, stack(0x144d0000,0x14520000)]
  0x00fe4800 JavaThread "C1 CompilerThread0" daemon [_thread_blocked, id=3960, stack(0x14480000,0x144d0000)]
  0x00fd9000 JavaThread "JDWP Command Reader" daemon [_thread_blocked, id=3368, stack(0x14430000,0x14480000)]
=>0x00fd4000 JavaThread "JDWP Event Helper Thread" daemon [_thread_in_native, id=4056, stack(0x143e0000,0x14430000)]
  0x00fd1800 JavaThread "JDWP Transport Listener: dt_socket" daemon [_thread_blocked, id=5612, stack(0x14390000,0x143e0000)]
  0x00fcd400 JavaThread "Attach Listener" daemon [_thread_blocked, id=5020, stack(0x14000000,0x14050000)]
  0x00fb9800 JavaThread "Finalizer" daemon [_thread_blocked, id=4796, stack(0x03e50000,0x03ea0000)]
  0x0097e800 JavaThread "Reference Handler" daemon [_thread_blocked, id=4640, stack(0x011a0000,0x011f0000)]

Other Threads:
  0x0097bc00 VMThread [stack: 0x00f50000,0x00fa0000] [id=6064]

VM state:at safepoint (normal execution)

VM Mutex/Monitor currently owned by a thread:  ([mutex/lock_event])
[0x0083a280] Threads_lock - owner thread: 0x0097bc00

Heap:
 def new generation   total 6016K, used 4181K [0x04000000, 0x04680000, 0x09550000)
  eden space 5376K,  77% used [0x04000000, 0x04414da8, 0x04540000)
  from space 640K,   0% used [0x045e0000, 0x045e0a10, 0x04680000)
  to   space 640K,   0% used [0x04540000, 0x04540000, 0x045e0000)
 tenured generation   total 13172K, used 7790K [0x09550000, 0x0a22d000, 0x14000000)
   the space 13172K,  59% used [0x09550000, 0x09ceb9b0, 0x09ceba00, 0x0a22d000)
 Metaspace       used 6184K, capacity 6347K, committed 6400K, reserved 6528K

Card table byte_map: [0x00a00000,0x00a90000] byte_map_base: 0x009e0000

Polling page: 0x007e0000

CodeCache: size=32768Kb used=1507Kb max_used=1507Kb free=31260Kb
 bounds [0x01e50000, 0x01fd0000, 0x03e50000]
 total_blobs=932 nmethods=723 adapters=148
 compilation: enabled

Compilation events (10 events):
Event: 35.629 Thread 0x00fe4800  720   !         java.awt.Container::paint (62 bytes)
Event: 35.630 Thread 0x00fe4800 nmethod 720 0x01fc7b88 code [0x01fc7ce0, 0x01fc81c0]
Event: 35.630 Thread 0x00fe4800  721   !         java.awt.Container::getComponentsSync (19 bytes)
Event: 35.631 Thread 0x00fe4800 nmethod 721 0x01fc8508 code [0x01fc8620, 0x01fc887c]
Event: 35.766 Thread 0x00fe4800  722             java.awt.image.BufferedImage::getWidth (8 bytes)
Event: 35.766 Thread 0x00fe4800 nmethod 722 0x01fc8a08 code [0x01fc8b00, 0x01fc8b90]
Event: 35.767 Thread 0x00fe4800  723             java.awt.image.BufferedImage::getHeight (8 bytes)
Event: 35.767 Thread 0x00fe4800 nmethod 723 0x01fc8c08 code [0x01fc8d00, 0x01fc8d90]
Event: 41.132 Thread 0x00fe4800  724             javax.swing.JRootPane::isOptimizedDrawingEnabled (16 bytes)
Event: 41.132 Thread 0x00fe4800 nmethod 724 0x01fc8e08 code [0x01fc8f10, 0x01fc8fcc]

GC Heap History (10 events):
Event: 14.276 GC heap before
{Heap before GC invocations=28 (full 12):
 def new generation   total 6016K, used 3294K [0x04000000, 0x04680000, 0x09550000)
  eden space 5376K,  61% used [0x04000000, 0x04337b18, 0x04540000)
  from space 640K,   0% used [0x04540000, 0x04540000, 0x045e0000)
  to   space 640K,   0% used [0x045e0000, 0x045e0000, 0x04680000)
 tenured generation   total 13172K, used 7755K [0x09550000, 0x0a22d000, 0x14000000)
   the space 13172K,  58% used [0x09550000, 0x09ce2ce8, 0x09ce2e00, 0x0a22d000)
 Metaspace       used 6177K, capacity 6347K, committed 6400K, reserved 6528K
Event: 14.279 GC heap after
Heap after GC invocations=29 (full 12):
 def new generation   total 6016K, used 2K [0x04000000, 0x04680000, 0x09550000)
  eden space 5376K,   0% used [0x04000000, 0x04000000, 0x04540000)
  from space 640K,   0% used [0x045e0000, 0x045e0ac8, 0x04680000)
  to   space 640K,   0% used [0x04540000, 0x04540000, 0x045e0000)
 tenured generation   total 13172K, used 10928K [0x09550000, 0x0a22d000, 0x14000000)
   the space 13172K,  82% used [0x09550000, 0x09ffc060, 0x09ffc200, 0x0a22d000)
 Metaspace       used 6177K, capacity 6347K, committed 6400K, reserved 6528K
}
Event: 14.296 GC heap before
{Heap before GC invocations=29 (full 12):
 def new generation   total 6016K, used 3383K [0x04000000, 0x04680000, 0x09550000)
  eden space 5376K,  62% used [0x04000000, 0x0434d220, 0x04540000)
  from space 640K,   0% used [0x045e0000, 0x045e0ac8, 0x04680000)
  to   space 640K,   0% used [0x04540000, 0x04540000, 0x045e0000)
 tenured generation   total 13172K, used 10928K [0x09550000, 0x0a22d000, 0x14000000)
   the space 13172K,  82% used [0x09550000, 0x09ffc060, 0x09ffc200, 0x0a22d000)
 Metaspace       used 6177K, capacity 6347K, committed 6400K, reserved 6528K
Event: 14.315 GC heap after
Heap after GC invocations=30 (full 13):
 def new generation   total 6016K, used 0K [0x04000000, 0x04680000, 0x09550000)
  eden space 5376K,   0% used [0x04000000, 0x04000000, 0x04540000)
  from space 640K,   0% used [0x04540000, 0x04540000, 0x045e0000)
  to   space 640K,   0% used [0x045e0000, 0x045e0000, 0x04680000)
 tenured generation   total 13172K, used 7793K [0x09550000, 0x0a22d000, 0x14000000)
   the space 13172K,  59% used [0x09550000, 0x09cec418, 0x09cec600, 0x0a22d000)
 Metaspace       used 6177K, capacity 6347K, committed 6400K, reserved 6528K
}
Event: 14.385 GC heap before
{Heap before GC invocations=30 (full 13):
 def new generation   total 6016K, used 3281K [0x04000000, 0x04680000, 0x09550000)
  eden space 5376K,  61% used [0x04000000, 0x04334598, 0x04540000)
  from space 640K,   0% used [0x04540000, 0x04540000, 0x045e0000)
  to   space 640K,   0% used [0x045e0000, 0x045e0000, 0x04680000)
 tenured generation   total 13172K, used 7793K [0x09550000, 0x0a22d000, 0x14000000)
   the space 13172K,  59% used [0x09550000, 0x09cec418, 0x09cec600, 0x0a22d000)
 Metaspace       used 6177K, capacity 6347K, committed 6400K, reserved 6528K
Event: 14.389 GC heap after
Heap after GC invocations=31 (full 13):
 def new generation   total 6016K, used 3K [0x04000000, 0x04680000, 0x09550000)
  eden space 5376K,   0% used [0x04000000, 0x04000000, 0x04540000)
  from space 640K,   0% used [0x045e0000, 0x045e0ce8, 0x04680000)
  to   space 640K,   0% used [0x04540000, 0x04540000, 0x045e0000)
 tenured generation   total 13172K, used 10965K [0x09550000, 0x0a22d000, 0x14000000)
   the space 13172K,  83% used [0x09550000, 0x0a005790, 0x0a005800, 0x0a22d000)
 Metaspace       used 6177K, capacity 6347K, committed 6400K, reserved 6528K
}
Event: 19.602 GC heap before
{Heap before GC invocations=31 (full 13):
 def new generation   total 6016K, used 5379K [0x04000000, 0x04680000, 0x09550000)
  eden space 5376K, 100% used [0x04000000, 0x04540000, 0x04540000)
  from space 640K,   0% used [0x045e0000, 0x045e0ce8, 0x04680000)
  to   space 640K,   0% used [0x04540000, 0x04540000, 0x045e0000)
 tenured generation   total 13172K, used 10965K [0x09550000, 0x0a22d000, 0x14000000)
   the space 13172K,  83% used [0x09550000, 0x0a005790, 0x0a005800, 0x0a22d000)
 Metaspace       used 6177K, capacity 6347K, committed 6400K, reserved 6528K
Event: 19.621 GC heap after
Heap after GC invocations=32 (full 14):
 def new generation   total 6016K, used 0K [0x04000000, 0x04680000, 0x09550000)
  eden space 5376K,   0% used [0x04000000, 0x04000000, 0x04540000)
  from space 640K,   0% used [0x04540000, 0x04540000, 0x045e0000)
  to   space 640K,   0% used [0x045e0000, 0x045e0000, 0x04680000)
 tenured generation   total 13172K, used 7790K [0x09550000, 0x0a22d000, 0x14000000)
   the space 13172K,  59% used [0x09550000, 0x09ceb9b0, 0x09ceba00, 0x0a22d000)
 Metaspace       used 6177K, capacity 6347K, committed 6400K, reserved 6528K
}
Event: 32.009 GC heap before
{Heap before GC invocations=32 (full 14):
 def new generation   total 6016K, used 5376K [0x04000000, 0x04680000, 0x09550000)
  eden space 5376K, 100% used [0x04000000, 0x04540000, 0x04540000)
  from space 640K,   0% used [0x04540000, 0x04540000, 0x045e0000)
  to   space 640K,   0% used [0x045e0000, 0x045e0000, 0x04680000)
 tenured generation   total 13172K, used 7790K [0x09550000, 0x0a22d000, 0x14000000)
   the space 13172K,  59% used [0x09550000, 0x09ceb9b0, 0x09ceba00, 0x0a22d000)
 Metaspace       used 6177K, capacity 6347K, committed 6400K, reserved 6528K
Event: 32.010 GC heap after
Heap after GC invocations=33 (full 14):
 def new generation   total 6016K, used 2K [0x04000000, 0x04680000, 0x09550000)
  eden space 5376K,   0% used [0x04000000, 0x04000000, 0x04540000)
  from space 640K,   0% used [0x045e0000, 0x045e0a10, 0x04680000)
  to   space 640K,   0% used [0x04540000, 0x04540000, 0x045e0000)
 tenured generation   total 13172K, used 7790K [0x09550000, 0x0a22d000, 0x14000000)
   the space 13172K,  59% used [0x09550000, 0x09ceb9b0, 0x09ceba00, 0x0a22d000)
 Metaspace       used 6177K, capacity 6347K, committed 6400K, reserved 6528K
}

Deoptimization events (0 events):
No events

Internal exceptions (10 events):
Event: 0.111 Thread 0x0083bc00 Exception <a 'java/lang/NoSuchMethodError': Method sun.misc.Unsafe.defineClass(Ljava/lang/String;[BII)Ljava/lang/Class; name or signature does not match> (0x04006ea8) thrown at [C:\re\workspace\8-2-build-windows-i586-cygwin\jdk8u74\6087\hotspot\src\share\v7(5›H”¼?
Event: 0.112 Thread 0x0083bc00 Exception <a 'java/lang/NoSuchMethodError': Method sun.misc.Unsafe.prefetchRead(Ljava/lang/Object;J)V name or signature does not match> (0x04007178) thrown at [C:\re\workspace\8-2-build-windows-i586-cygwin\jdk8u74\6087\hotspot\src\share\vm\prims\jni.cpp, l›Üqs÷á?
Event: 0.561 Thread 0x0083bc00 Exception <a 'java/security/PrivilegedActionException'> (0x040f84a8) thrown at [C:\re\workspace\8-2-build-windows-i586-cygwin\jdk8u74\6087\hotspot\src\share\vm\prims\jvm.cpp, line 1386]
Event: 0.562 Thread 0x0083bc00 Exception <a 'java/security/PrivilegedActionException'> (0x040f86a8) thrown at [C:\re\workspace\8-2-build-windows-i586-cygwin\jdk8u74\6087\hotspot\src\share\vm\prims\jvm.cpp, line 1386]
Event: 0.564 Thread 0x0083bc00 Exception <a 'java/security/PrivilegedActionException'> (0x040fbdf0) thrown at [C:\re\workspace\8-2-build-windows-i586-cygwin\jdk8u74\6087\hotspot\src\share\vm\prims\jvm.cpp, line 1386]
Event: 0.564 Thread 0x0083bc00 Exception <a 'java/security/PrivilegedActionException'> (0x040fbff0) thrown at [C:\re\workspace\8-2-build-windows-i586-cygwin\jdk8u74\6087\hotspot\src\share\vm\prims\jvm.cpp, line 1386]
Event: 0.573 Thread 0x0083bc00 Exception <a 'java/io/FileNotFoundException'> (0x040fe050) thrown at [C:\re\workspace\8-2-build-windows-i586-cygwin\jdk8u74\6087\hotspot\src\share\vm\prims\jni.cpp, line 709]
Event: 0.708 Thread 0x0083bc00 Exception <a 'java/lang/NoSuchFieldError': method resolution failed> (0x041b9008) thrown at [C:\re\workspace\8-2-build-windows-i586-cygwin\jdk8u74\6087\hotspot\src\share\vm\prims\methodHandles.cpp, line 1146]
Event: 0.716 Thread 0x0083bc00 Exception <a 'java/lang/NoSuchFieldError': method resolution failed> (0x041c5150) thrown at [C:\re\workspace\8-2-build-windows-i586-cygwin\jdk8u74\6087\hotspot\src\share\vm\prims\methodHandles.cpp, line 1146]
Event: 0.863 Thread 0x0083bc00 Exception <a 'java/io/FileNotFoundException'> (0x042d6588) thrown at [C:\re\workspace\8-2-build-windows-i586-cygwin\jdk8u74\6087\hotspot\src\share\vm\prims\jni.cpp, line 709]

Events (10 events):
Event: 41.675 loading class sun/awt/SunToolkit$1 done
Event: 41.678 loading class java/lang/Thread$State
Event: 41.678 loading class java/lang/Thread$State done
Event: 41.678 Thread 0x01183400 Thread added: 0x01183400
Event: 41.678 Thread 0x01183c00 Thread added: 0x01183c00
Event: 41.685 Thread 0x01183400 Thread exited: 0x01183400
Event: 41.687 Thread 0x01114800 Thread exited: 0x01114800
Event: 41.687 Thread 0x01183c00 Thread exited: 0x01183c00
Event: 41.688 Thread 0x00fcc400 Thread exited: 0x00fcc400
Event: 41.688 Executing VM operation: Exit


Dynamic libraries:
0x01210000 - 0x01243000 	C:\Program Files\Java\jre1.8.0_74\bin\javaw.exe
0x77790000 - 0x7790b000 	C:\WINDOWS\SYSTEM32\ntdll.dll
0x770d0000 - 0x77166000 	C:\WINDOWS\system32\KERNEL32.DLL
0x74790000 - 0x7490f000 	C:\WINDOWS\system32\KERNELBASE.dll
0x77660000 - 0x776db000 	C:\WINDOWS\system32\ADVAPI32.dll
0x76fe0000 - 0x7709e000 	C:\WINDOWS\system32\msvcrt.dll
0x76bf0000 - 0x76c34000 	C:\WINDOWS\system32\sechost.dll
0x74f90000 - 0x75052000 	C:\WINDOWS\system32\RPCRT4.dll
0x752d0000 - 0x75408000 	C:\WINDOWS\system32\USER32.dll
0x75410000 - 0x75565000 	C:\WINDOWS\system32\GDI32.dll
0x6dd90000 - 0x6df9f000 	C:\WINDOWS\WinSxS\x86_microsoft.windows.common-controls_6595b64144ccf1df_6.0.10586.0_none_d3c2e4e965da4528\COMCTL32.dll
0x76c40000 - 0x76dfd000 	C:\WINDOWS\system32\combase.dll
0x74690000 - 0x746e8000 	C:\WINDOWS\system32\bcryptPrimitives.dll
0x750c0000 - 0x750ef000 	C:\WINDOWS\system32\IMM32.DLL
0x682b0000 - 0x6836f000 	C:\Program Files\Java\jre1.8.0_74\bin\msvcr100.dll
0x51cb0000 - 0x52078000 	C:\Program Files\Java\jre1.8.0_74\bin\client\jvm.dll
0x770a0000 - 0x770a6000 	C:\WINDOWS\system32\PSAPI.DLL
0x649c0000 - 0x649c8000 	C:\WINDOWS\SYSTEM32\WSOCK32.dll
0x75060000 - 0x750bf000 	C:\WINDOWS\system32\WS2_32.dll
0x72c40000 - 0x72c64000 	C:\WINDOWS\SYSTEM32\WINMM.dll
0x6c0c0000 - 0x6c0c8000 	C:\WINDOWS\SYSTEM32\VERSION.dll
0x72bf0000 - 0x72c13000 	C:\WINDOWS\SYSTEM32\WINMMBASE.dll
0x74650000 - 0x74687000 	C:\WINDOWS\system32\cfgmgr32.dll
0x72d40000 - 0x72d4c000 	C:\Program Files\Java\jre1.8.0_74\bin\verify.dll
0x64180000 - 0x641a1000 	C:\Program Files\Java\jre1.8.0_74\bin\java.dll
0x68280000 - 0x682a9000 	C:\Program Files\Java\jre1.8.0_74\bin\jdwp.dll
0x6a540000 - 0x6a547000 	C:\Program Files\Java\jre1.8.0_74\bin\npt.dll
0x67fe0000 - 0x67ff3000 	C:\Program Files\Java\jre1.8.0_74\bin\zip.dll
0x757f0000 - 0x76bee000 	C:\WINDOWS\system32\SHELL32.dll
0x74a90000 - 0x74f8a000 	C:\WINDOWS\system32\windows.storage.dll
0x77580000 - 0x775c5000 	C:\WINDOWS\system32\shlwapi.dll
0x74510000 - 0x7451c000 	C:\WINDOWS\system32\kernel.appcore.dll
0x775d0000 - 0x7765d000 	C:\WINDOWS\system32\shcore.dll
0x74520000 - 0x74564000 	C:\WINDOWS\system32\powrprof.dll
0x74500000 - 0x7450f000 	C:\WINDOWS\system32\profapi.dll
0x68270000 - 0x68278000 	C:\Program Files\Java\jre1.8.0_74\bin\dt_socket.dll
0x69190000 - 0x691a2000 	C:\WINDOWS\system32\napinsp.dll
0x691b0000 - 0x691c6000 	C:\WINDOWS\system32\pnrpnsp.dll
0x722e0000 - 0x722f4000 	C:\WINDOWS\system32\NLAapi.dll
0x691d0000 - 0x691db000 	C:\WINDOWS\System32\winrnr.dll
0x73f10000 - 0x73f60000 	C:\WINDOWS\System32\mswsock.dll
0x732b0000 - 0x73334000 	C:\WINDOWS\SYSTEM32\DNSAPI.dll
0x77780000 - 0x77787000 	C:\WINDOWS\system32\NSI.dll
0x6ed50000 - 0x6ed97000 	C:\WINDOWS\System32\fwpuclnt.dll
0x74460000 - 0x7447d000 	C:\WINDOWS\SYSTEM32\bcrypt.dll
0x6caa0000 - 0x6caa8000 	C:\Windows\System32\rasadhlp.dll
0x55800000 - 0x55945000 	C:\Program Files\Java\jre1.8.0_74\bin\awt.dll
0x776e0000 - 0x77772000 	C:\WINDOWS\system32\OLEAUT32.dll
0x730d0000 - 0x73162000 	C:\WINDOWS\system32\apphelp.dll
0x73230000 - 0x732a9000 	C:\WINDOWS\system32\uxtheme.dll
0x75570000 - 0x7568f000 	C:\WINDOWS\system32\MSCTF.dll
0x729b0000 - 0x729cd000 	C:\WINDOWS\system32\dwmapi.dll
0x75150000 - 0x7523b000 	C:\WINDOWS\system32\ole32.dll
0x5eef0000 - 0x5ef29000 	C:\Program Files\Java\jre1.8.0_74\bin\fontmanager.dll
0x64130000 - 0x64146000 	C:\Program Files\Java\jre1.8.0_74\bin\net.dll
0x6a590000 - 0x6a59f000 	C:\Program Files\Java\jre1.8.0_74\bin\nio.dll
0x641f0000 - 0x64220000 	C:\Program Files\Java\jre1.8.0_74\bin\t2k.dll
0x01200000 - 0x01207000 	C:\Program Files\Internet Download Manager\idmmkb.dll
0x677c0000 - 0x678ff000 	C:\WINDOWS\SYSTEM32\dbghelp.dll

VM Arguments:
jvm_args: -agentlib:jdwp=transport=dt_socket,suspend=y,address=localhost:52703 -Dfile.encoding=Cp1252 
java_command: ecapeGame code=ecapeGame.class
java_class_path (initial): F:\movies\Computer Science\Eclipse\New folder (2)\Escape\bin;F:\movies\Computer Science\Eclipse\acm.jar
Launcher Type: SUN_STANDARD

Environment Variables:
PATH=C:/Program Files/Java/jre1.8.0_74/bin/client;C:/Program Files/Java/jre1.8.0_74/bin;C:/Program Files/Java/jre1.8.0_74/lib/i386;C:\ProgramData\Oracle\Java\javapath;C:\WINDOWS\system32;C:\WINDOWS;C:\WINDOWS\System32\Wbem;C:\WINDOWS\System32\WindowsPowerShell\v1.0\;C:\Program Files\Windows Live\Shared;F:\movies\Computer Science\Eclipse\eclipse;
USERNAME=Joshua Obiha
OS=Windows_NT
PROCESSOR_IDENTIFIER=x86 Family 6 Model 23 Stepping 6, GenuineIntel



---------------  S Y S T E M  ---------------

OS: Windows 10.0 Build 10586 (10.0.10586.0)

CPU:total 2 (2 cores per cpu, 1 threads per core) family 6 model 23 stepping 6, cmov, cx8, fxsr, mmx, sse, sse2, sse3, ssse3, sse4.1, tsc

Memory: 4k page, physical 2047896k(613092k free), swap 3368088k(1042076k free)

vm_info: Java HotSpot(TM) Client VM (25.74-b02) for windows-x86 JRE (1.8.0_74-b02), built on Jan 29 2016 17:47:57 by "java_re" with MS VC++ 10.0 (VS2010)

time: Sat Jun 11 20:02:05 2016
elapsed time: 42 seconds (0d 0h 0m 42s)

